\BOOKMARK [1][-]{section.1}{Blockchains}{}% 1
\BOOKMARK [2][-]{subsection.1.1}{Ownership}{section.1}% 2
\BOOKMARK [2][-]{subsection.1.2}{Consensus}{section.1}% 3
\BOOKMARK [3][-]{subsubsection.1.2.1}{Confirmation}{subsection.1.2}% 4
\BOOKMARK [3][-]{subsubsection.1.2.2}{Proof-of-Work}{subsection.1.2}% 5
\BOOKMARK [2][-]{subsection.1.3}{Service Planes}{section.1}% 6
\BOOKMARK [2][-]{subsection.1.4}{Blockchain Procurement \046 Analysis}{section.1}% 7
\BOOKMARK [2][-]{subsection.1.5}{Permissionless vs. Permissioned}{section.1}% 8
\BOOKMARK [3][-]{subsubsection.1.5.1}{Permissionless}{subsection.1.5}% 9
\BOOKMARK [3][-]{subsubsection.1.5.2}{Permissioned}{subsection.1.5}% 10
\BOOKMARK [2][-]{subsection.1.6}{Ethereum}{section.1}% 11
\BOOKMARK [3][-]{subsubsection.1.6.1}{Block}{subsection.1.6}% 12
\BOOKMARK [3][-]{subsubsection.1.6.2}{Nodes}{subsection.1.6}% 13
\BOOKMARK [3][-]{subsubsection.1.6.3}{Accounts \046 Wallets}{subsection.1.6}% 14
\BOOKMARK [3][-]{subsubsection.1.6.4}{Casper Protocol}{subsection.1.6}% 15
\BOOKMARK [3][-]{subsubsection.1.6.5}{Smart Contracts}{subsection.1.6}% 16
\BOOKMARK [3][-]{subsubsection.1.6.6}{Contract Execution}{subsection.1.6}% 17
\BOOKMARK [1][-]{section.2}{Database Security}{}% 18
\BOOKMARK [2][-]{subsection.2.1}{Database Architecture}{section.2}% 19
\BOOKMARK [3][-]{subsubsection.2.1.1}{Relational DBMS}{subsection.2.1}% 20
\BOOKMARK [2][-]{subsection.2.2}{Access Control}{section.2}% 21
\BOOKMARK [3][-]{subsubsection.2.2.1}{Cascading Authorizations}{subsection.2.2}% 22
\BOOKMARK [3][-]{subsubsection.2.2.2}{DAC vs. RBAC}{subsection.2.2}% 23
\BOOKMARK [3][-]{subsubsection.2.2.3}{Typical Access Control Management Policies}{subsection.2.2}% 24
\BOOKMARK [2][-]{subsection.2.3}{Inferential Threats}{section.2}% 25
\BOOKMARK [2][-]{subsection.2.4}{Database Encryption}{section.2}% 26
\BOOKMARK [3][-]{subsubsection.2.4.1}{Key Management}{subsection.2.4}% 27
\BOOKMARK [3][-]{subsubsection.2.4.2}{Operation Support}{subsection.2.4}% 28
\BOOKMARK [3][-]{subsubsection.2.4.3}{Scope of Encryption}{subsection.2.4}% 29
\BOOKMARK [3][-]{subsubsection.2.4.4}{DB Encryption Solution}{subsection.2.4}% 30
\BOOKMARK [1][-]{section.3}{Database Cryptography}{}% 31
\BOOKMARK [2][-]{subsection.3.1}{Homomorphic Encryption}{section.3}% 32
\BOOKMARK [3][-]{subsubsection.3.1.1}{Encryption Methods}{subsection.3.1}% 33
\BOOKMARK [3][-]{subsubsection.3.1.2}{Beyond HE Methods}{subsection.3.1}% 34
\BOOKMARK [2][-]{subsection.3.2}{CryptDB}{section.3}% 35
\BOOKMARK [3][-]{subsubsection.3.2.1}{Adversary Model}{subsection.3.2}% 36
\BOOKMARK [3][-]{subsubsection.3.2.2}{Proposed Techniques}{subsection.3.2}% 37
\BOOKMARK [2][-]{subsection.3.3}{Cipherbase}{section.3}% 38
\BOOKMARK [1][-]{section.4}{Trusted Computing}{}% 39
\BOOKMARK [2][-]{subsection.4.1}{Trusted Platform Module}{section.4}% 40
\BOOKMARK [3][-]{subsubsection.4.1.1}{Issues}{subsection.4.1}% 41
\BOOKMARK [3][-]{subsubsection.4.1.2}{Services}{subsection.4.1}% 42
\BOOKMARK [3][-]{subsubsection.4.1.3}{Functions}{subsection.4.1}% 43
